-------------------------------------------------------------------------------
Test set: com.finance.service.UserServiceTest
-------------------------------------------------------------------------------
Tests run: 8, Failures: 0, Errors: 6, Skipped: 0, Time elapsed: 0.188 s <<< FAILURE! -- in com.finance.service.UserServiceTest
com.finance.service.UserServiceTest.getUserById_existingId_returnsUser -- Time elapsed: 0.164 s <<< ERROR!
org.mockito.exceptions.misusing.UnnecessaryStubbingException: 

Unnecessary stubbings detected.
Clean & maintainable test code requires zero unnecessary code.
Following stubbings are unnecessary (click to navigate to relevant line of code):
  1. -> at com.finance.service.UserServiceTest.mockSecurityContext(UserServiceTest.java:192)
  2. -> at com.finance.service.UserServiceTest.mockSecurityContext(UserServiceTest.java:193)
Please remove unnecessary stubbings or use 'lenient' strictness. More info: javadoc for UnnecessaryStubbingException class.
	at org.mockito.junit.jupiter.MockitoExtension.afterEach(MockitoExtension.java:192)
	at java.base/java.util.ArrayList.forEach(ArrayList.java:1604)
	at java.base/java.util.ArrayList.forEach(ArrayList.java:1604)

com.finance.service.UserServiceTest.createUser_validRequest_createsAndReturnsUser -- Time elapsed: 0.006 s <<< ERROR!
org.mockito.exceptions.misusing.UnnecessaryStubbingException: 

Unnecessary stubbings detected.
Clean & maintainable test code requires zero unnecessary code.
Following stubbings are unnecessary (click to navigate to relevant line of code):
  1. -> at com.finance.service.UserServiceTest.mockSecurityContext(UserServiceTest.java:192)
  2. -> at com.finance.service.UserServiceTest.mockSecurityContext(UserServiceTest.java:193)
Please remove unnecessary stubbings or use 'lenient' strictness. More info: javadoc for UnnecessaryStubbingException class.
	at org.mockito.junit.jupiter.MockitoExtension.afterEach(MockitoExtension.java:192)
	at java.base/java.util.ArrayList.forEach(ArrayList.java:1604)
	at java.base/java.util.ArrayList.forEach(ArrayList.java:1604)

com.finance.service.UserServiceTest.updateUser_demoteLastAdmin_throwsBusinessException -- Time elapsed: 0.003 s <<< ERROR!
org.mockito.exceptions.misusing.UnnecessaryStubbingException: 

Unnecessary stubbings detected.
Clean & maintainable test code requires zero unnecessary code.
Following stubbings are unnecessary (click to navigate to relevant line of code):
  1. -> at com.finance.service.UserServiceTest.mockSecurityContext(UserServiceTest.java:192)
  2. -> at com.finance.service.UserServiceTest.mockSecurityContext(UserServiceTest.java:193)
Please remove unnecessary stubbings or use 'lenient' strictness. More info: javadoc for UnnecessaryStubbingException class.
	at org.mockito.junit.jupiter.MockitoExtension.afterEach(MockitoExtension.java:192)
	at java.base/java.util.ArrayList.forEach(ArrayList.java:1604)
	at java.base/java.util.ArrayList.forEach(ArrayList.java:1604)

com.finance.service.UserServiceTest.updateUser_partialRequest_updatesOnlyProvidedFields -- Time elapsed: 0.002 s <<< ERROR!
org.mockito.exceptions.misusing.UnnecessaryStubbingException: 

Unnecessary stubbings detected.
Clean & maintainable test code requires zero unnecessary code.
Following stubbings are unnecessary (click to navigate to relevant line of code):
  1. -> at com.finance.service.UserServiceTest.mockSecurityContext(UserServiceTest.java:192)
  2. -> at com.finance.service.UserServiceTest.mockSecurityContext(UserServiceTest.java:193)
Please remove unnecessary stubbings or use 'lenient' strictness. More info: javadoc for UnnecessaryStubbingException class.
	at org.mockito.junit.jupiter.MockitoExtension.afterEach(MockitoExtension.java:192)
	at java.base/java.util.ArrayList.forEach(ArrayList.java:1604)
	at java.base/java.util.ArrayList.forEach(ArrayList.java:1604)

com.finance.service.UserServiceTest.createUser_duplicateEmail_throwsDuplicateResourceException -- Time elapsed: 0.002 s <<< ERROR!
org.mockito.exceptions.misusing.UnnecessaryStubbingException: 

Unnecessary stubbings detected.
Clean & maintainable test code requires zero unnecessary code.
Following stubbings are unnecessary (click to navigate to relevant line of code):
  1. -> at com.finance.service.UserServiceTest.mockSecurityContext(UserServiceTest.java:192)
  2. -> at com.finance.service.UserServiceTest.mockSecurityContext(UserServiceTest.java:193)
Please remove unnecessary stubbings or use 'lenient' strictness. More info: javadoc for UnnecessaryStubbingException class.
	at org.mockito.junit.jupiter.MockitoExtension.afterEach(MockitoExtension.java:192)
	at java.base/java.util.ArrayList.forEach(ArrayList.java:1604)
	at java.base/java.util.ArrayList.forEach(ArrayList.java:1604)

com.finance.service.UserServiceTest.getUserById_unknownId_throwsNotFoundException -- Time elapsed: 0.002 s <<< ERROR!
org.mockito.exceptions.misusing.UnnecessaryStubbingException: 

Unnecessary stubbings detected.
Clean & maintainable test code requires zero unnecessary code.
Following stubbings are unnecessary (click to navigate to relevant line of code):
  1. -> at com.finance.service.UserServiceTest.mockSecurityContext(UserServiceTest.java:192)
  2. -> at com.finance.service.UserServiceTest.mockSecurityContext(UserServiceTest.java:193)
Please remove unnecessary stubbings or use 'lenient' strictness. More info: javadoc for UnnecessaryStubbingException class.
	at org.mockito.junit.jupiter.MockitoExtension.afterEach(MockitoExtension.java:192)
	at java.base/java.util.ArrayList.forEach(ArrayList.java:1604)
	at java.base/java.util.ArrayList.forEach(ArrayList.java:1604)

